<?xml version="1.0" encoding="UTF-8"?>
<!-- Generated by org.testng.reporters.JUnitXMLReporter -->
<testsuite hostname="Intel" name="Default test" tests="3" failures="0" timestamp="19 Feb 2015 14:48:02 GMT" time="11.644" errors="0">
  <testcase name="testNonEmptyCreationsContact" time="2.345" classname="com.example.tests.AddContactTests"/>
  <testcase name="testEmptyGroupCreation" time="0.885" classname="com.example.tests.AddGroupTests"/>
  <testcase name="testNoEmptyGroupCreation" time="0.735" classname="com.example.tests.AddGroupTests"/>
</testsuite> <!-- Default test -->
