<?xml version="1.0" encoding="UTF-8"?>
<testng-results skipped="0" failed="0" total="3" passed="3">
  <reporter-output>
  </reporter-output>
  <suite name="Default suite" duration-ms="10148" started-at="2015-02-25T12:49:29Z" finished-at="2015-02-25T12:49:39Z">
    <groups>
    </groups>
    <test name="Default test" duration-ms="10148" started-at="2015-02-25T12:49:29Z" finished-at="2015-02-25T12:49:39Z">
      <class name="com.example.tests.AddContactTests">
        <test-method status="PASS" signature="setUp()[pri:0, instance:com.example.tests.AddContactTests@4c75cab9]" name="setUp" is-config="true" duration-ms="5631" started-at="2015-02-25T15:49:29Z" finished-at="2015-02-25T15:49:35Z">
          <reporter-output>
          </reporter-output>
        </test-method> <!-- setUp -->
        <test-method status="PASS" signature="testNonEmptyCreationsContact()[pri:0, instance:com.example.tests.AddContactTests@4c75cab9]" name="testNonEmptyCreationsContact" duration-ms="2633" started-at="2015-02-25T15:49:35Z" finished-at="2015-02-25T15:49:37Z">
          <reporter-output>
          </reporter-output>
        </test-method> <!-- testNonEmptyCreationsContact -->
        <test-method status="PASS" signature="tearDown()[pri:0, instance:com.example.tests.AddContactTests@4c75cab9]" name="tearDown" is-config="true" duration-ms="515" started-at="2015-02-25T15:49:39Z" finished-at="2015-02-25T15:49:39Z">
          <reporter-output>
          </reporter-output>
        </test-method> <!-- tearDown -->
      </class> <!-- com.example.tests.AddContactTests -->
      <class name="com.example.tests.AddGroupTests">
        <test-method status="PASS" signature="testEmptyGroupCreation()[pri:0, instance:com.example.tests.AddGroupTests@22a71081]" name="testEmptyGroupCreation" duration-ms="621" started-at="2015-02-25T15:49:37Z" finished-at="2015-02-25T15:49:38Z">
          <reporter-output>
          </reporter-output>
        </test-method> <!-- testEmptyGroupCreation -->
        <test-method status="PASS" signature="testNoEmptyGroupCreation()[pri:0, instance:com.example.tests.AddGroupTests@22a71081]" name="testNoEmptyGroupCreation" duration-ms="741" started-at="2015-02-25T15:49:38Z" finished-at="2015-02-25T15:49:39Z">
          <reporter-output>
          </reporter-output>
        </test-method> <!-- testNoEmptyGroupCreation -->
      </class> <!-- com.example.tests.AddGroupTests -->
    </test> <!-- Default test -->
  </suite> <!-- Default suite -->
</testng-results>
